<?xml version="1.0" encoding="UTF-8"?>
<!-- Generated by org.testng.reporters.JUnitReportReporter -->
<testsuite hostname="AnnetLibin" failures="0" tests="4" name="testCase.ManageNewsTest" time="15.051" errors="0" timestamp="2025-05-09T08:37:12 IST" skipped="0">
  <testcase classname="testCase.ManageNewsTest" name="verifyAlertWhenANewsIsCreated" time="3.824"/>
  <testcase classname="testCase.ManageNewsTest" name="verifyAlertWhenANewsIsUpdated" time="3.098"/>
  <testcase classname="testCase.ManageNewsTest" name="verifySearchedNewsIsDisplayed" time="3.766"/>
  <testcase classname="testCase.ManageNewsTest" name="verifyAlertWhenNewsCreatedIsDeleted" time="4.363"/>
</testsuite> <!-- testCase.ManageNewsTest -->
