<?xml version="1.0" encoding="UTF-8"?>
<!-- Generated by org.testng.reporters.JUnitReportReporter -->
<testsuite hostname="AnnetLibin" failures="0" tests="1" name="testCase.ManageProductTest" time="6.837" errors="0" timestamp="2025-05-09T08:38:01 IST" skipped="0">
  <testcase classname="testCase.ManageProductTest" name="verifyAlertWhenANewProductIsCreated" time="6.837"/>
</testsuite> <!-- testCase.ManageProductTest -->
