<?xml version="1.0" encoding="UTF-8"?>
<!-- Generated by org.testng.reporters.JUnitReportReporter -->
<testsuite hostname="AnnetLibin" failures="0" tests="1" name="testCase.ManageContactTest" time="4.961" errors="0" timestamp="2025-05-10T19:29:47 IST" skipped="0">
  <testcase classname="testCase.ManageContactTest" name="verifyAlertWhenContactIsUpdated" time="4.961"/>
</testsuite> <!-- testCase.ManageContactTest -->
