<?xml version="1.0" encoding="UTF-8"?>
<!-- Generated by org.testng.reporters.JUnitReportReporter -->
<testsuite hostname="AnnetLibin" failures="0" tests="4" name="testCase.LoginPageTest" time="12.183" errors="0" timestamp="2025-05-10T18:49:07 IST" skipped="0">
  <testcase classname="testCase.LoginPageTest" name="verifyErrorMessageWhileLoginWithInValidCredential" time="2.324"/>
  <testcase classname="testCase.LoginPageTest" name="verifyDashboardTextWhileLoginWithValidCredential" time="4.719"/>
  <testcase classname="testCase.LoginPageTest" name="verifyErrorMessageWhileLoginWithInValidCredential" time="2.489"/>
  <testcase classname="testCase.LoginPageTest" name="verifyErrorMessageWhileLoginWithInValidCredential" time="2.651"/>
</testsuite> <!-- testCase.LoginPageTest -->
