<?xml version="1.0" encoding="UTF-8"?>
<!-- Generated by org.testng.reporters.JUnitReportReporter -->
<testsuite hostname="AnnetLibin" failures="0" tests="1" name="testCase.ManageFooterTest" time="4.667" errors="0" timestamp="2025-05-09T08:34:48 IST" skipped="0">
  <testcase classname="testCase.ManageFooterTest" name="verifyAlertWhenUpdatedFooTerTextDetails" time="4.667"/>
</testsuite> <!-- testCase.ManageFooterTest -->
