<?xml version="1.0" encoding="UTF-8"?>
<!-- Generated by org.testng.reporters.JUnitReportReporter -->
<testsuite hostname="AnnetLibin" failures="0" tests="1" name="testCase.ManageMenuTest" time="5.864" errors="0" timestamp="2025-05-10T19:32:16 IST" skipped="0">
  <testcase classname="testCase.ManageMenuTest" name="verifyAlertWhenNewMenuIsCreated" time="5.864"/>
</testsuite> <!-- testCase.ManageMenuTest -->
