<?xml version="1.0" encoding="UTF-8"?>
<!-- Generated by org.testng.reporters.JUnitReportReporter -->
<testsuite hostname="AnnetLibin" failures="0" tests="2" name="testCase.AdminUsersTest" time="8.286" errors="0" timestamp="2025-05-10T20:38:25 IST" skipped="0">
  <testcase classname="testCase.AdminUsersTest" name="verifyAlerWhenNewAdminUserIsLocked" time="4.654"/>
  <testcase classname="testCase.AdminUsersTest" name="verifyAlerWhenNewAdminUserIsCreated" time="3.632"/>
</testsuite> <!-- testCase.AdminUsersTest -->
