<?xml version="1.0" encoding="UTF-8"?>
<!-- Generated by org.testng.reporters.JUnitReportReporter -->
<testsuite hostname="AnnetLibin" failures="0" tests="5" name="testCase.ManageCategoryTest" time="21.882" errors="0" timestamp="2025-05-10T19:23:53 IST" skipped="0">
  <testcase classname="testCase.ManageCategoryTest" name="verifyAlertWhenNewCategoryIsCreated" time="5.385"/>
  <testcase classname="testCase.ManageCategoryTest" name="verifyAlertWhenUpdateOfCategoryCreated" time="4.792"/>
  <testcase classname="testCase.ManageCategoryTest" name="verifyUpdatedCategoryStatus" time="2.865"/>
  <testcase classname="testCase.ManageCategoryTest" name="verifyAlertWhenUpdatedCategoryIsDeleted" time="4.507"/>
  <testcase classname="testCase.ManageCategoryTest" name="verifyUrlIsChangedAfterReset" time="4.333"/>
</testsuite> <!-- testCase.ManageCategoryTest -->
